filters x=0,y=0,z=0                             inputs
width=6,height=6,depth=2                        width=4,height=4,depth=2
[*][ ][ ][ ][ ][ ]                              [*][ ][*][ ]
[ ][ ][ ][ ][ ][ ]                              [ ][ ][ ][ ]
[ ][ ][ ][ ][ ][ ]                              [*][ ][*][ ]
[ ][ ][ ][ ][ ][ ]                              [ ][ ][ ][ ]
[ ][ ][ ][ ][ ][ ]                                          
[ ][ ][ ][ ][ ][ ]                              [ ][ ][ ][ ]
                                                [ ][ ][ ][ ]
[ ][ ][ ][ ][ ][ ]                              [ ][ ][ ][ ]
[ ][ ][ ][ ][ ][ ]                              [ ][ ][ ][ ]
[ ][ ][ ][ ][ ][ ]
[ ][ ][ ][ ][ ][ ]
[ ][ ][ ][ ][ ][ ]
[ ][ ][ ][ ][ ][ ]

filters x=1,y=0,z=0                             inputs
width=6,height=6,depth=2                        width=4,height=4,depth=2
[ ][*][ ][ ][ ][ ]                              [ ][*][ ][*]
[ ][ ][ ][ ][ ][ ]                              [ ][ ][ ][ ]
[ ][ ][ ][ ][ ][ ]                              [ ][*][ ][*]
[ ][ ][ ][ ][ ][ ]                              [ ][ ][ ][ ]
[ ][ ][ ][ ][ ][ ]                                          
[ ][ ][ ][ ][ ][ ]                              [ ][ ][ ][ ]
                                                [ ][ ][ ][ ]
[ ][ ][ ][ ][ ][ ]                              [ ][ ][ ][ ]
[ ][ ][ ][ ][ ][ ]                              [ ][ ][ ][ ]
[ ][ ][ ][ ][ ][ ]
[ ][ ][ ][ ][ ][ ]
[ ][ ][ ][ ][ ][ ]
[ ][ ][ ][ ][ ][ ]

filters x=2,y=0,z=0                             inputs
width=6,height=6,depth=2                        width=4,height=4,depth=2
[ ][ ][*][ ][ ][ ]                              [*][ ][*][ ]
[ ][ ][ ][ ][ ][ ]                              [ ][ ][ ][ ]
[ ][ ][ ][ ][ ][ ]                              [*][ ][*][ ]
[ ][ ][ ][ ][ ][ ]                              [ ][ ][ ][ ]
[ ][ ][ ][ ][ ][ ]                                          
[ ][ ][ ][ ][ ][ ]                              [ ][ ][ ][ ]
                                                [ ][ ][ ][ ]
[ ][ ][ ][ ][ ][ ]                              [ ][ ][ ][ ]
[ ][ ][ ][ ][ ][ ]                              [ ][ ][ ][ ]
[ ][ ][ ][ ][ ][ ]
[ ][ ][ ][ ][ ][ ]
[ ][ ][ ][ ][ ][ ]
[ ][ ][ ][ ][ ][ ]

filters x=3,y=0,z=0                             inputs
width=6,height=6,depth=2                        width=4,height=4,depth=2
[ ][ ][ ][*][ ][ ]                              [ ][*][ ][*]
[ ][ ][ ][ ][ ][ ]                              [ ][ ][ ][ ]
[ ][ ][ ][ ][ ][ ]                              [ ][*][ ][*]
[ ][ ][ ][ ][ ][ ]                              [ ][ ][ ][ ]
[ ][ ][ ][ ][ ][ ]                                          
[ ][ ][ ][ ][ ][ ]                              [ ][ ][ ][ ]
                                                [ ][ ][ ][ ]
[ ][ ][ ][ ][ ][ ]                              [ ][ ][ ][ ]
[ ][ ][ ][ ][ ][ ]                              [ ][ ][ ][ ]
[ ][ ][ ][ ][ ][ ]
[ ][ ][ ][ ][ ][ ]
[ ][ ][ ][ ][ ][ ]
[ ][ ][ ][ ][ ][ ]

filters x=4,y=0,z=0                             inputs
width=6,height=6,depth=2                        width=4,height=4,depth=2
[ ][ ][ ][ ][*][ ]                              [ ][ ][*][ ]
[ ][ ][ ][ ][ ][ ]                              [ ][ ][ ][ ]
[ ][ ][ ][ ][ ][ ]                              [ ][ ][*][ ]
[ ][ ][ ][ ][ ][ ]                              [ ][ ][ ][ ]
[ ][ ][ ][ ][ ][ ]                                          
[ ][ ][ ][ ][ ][ ]                              [ ][ ][ ][ ]
                                                [ ][ ][ ][ ]
[ ][ ][ ][ ][ ][ ]                              [ ][ ][ ][ ]
[ ][ ][ ][ ][ ][ ]                              [ ][ ][ ][ ]
[ ][ ][ ][ ][ ][ ]
[ ][ ][ ][ ][ ][ ]
[ ][ ][ ][ ][ ][ ]
[ ][ ][ ][ ][ ][ ]

filters x=5,y=0,z=0                             inputs
width=6,height=6,depth=2                        width=4,height=4,depth=2
[ ][ ][ ][ ][ ][*]                              [ ][ ][ ][*]
[ ][ ][ ][ ][ ][ ]                              [ ][ ][ ][ ]
[ ][ ][ ][ ][ ][ ]                              [ ][ ][ ][*]
[ ][ ][ ][ ][ ][ ]                              [ ][ ][ ][ ]
[ ][ ][ ][ ][ ][ ]                                          
[ ][ ][ ][ ][ ][ ]                              [ ][ ][ ][ ]
                                                [ ][ ][ ][ ]
[ ][ ][ ][ ][ ][ ]                              [ ][ ][ ][ ]
[ ][ ][ ][ ][ ][ ]                              [ ][ ][ ][ ]
[ ][ ][ ][ ][ ][ ]
[ ][ ][ ][ ][ ][ ]
[ ][ ][ ][ ][ ][ ]
[ ][ ][ ][ ][ ][ ]

filters x=0,y=1,z=0                             inputs
width=6,height=6,depth=2                        width=4,height=4,depth=2
[ ][ ][ ][ ][ ][ ]                              [ ][ ][ ][ ]
[*][ ][ ][ ][ ][ ]                              [*][ ][*][ ]
[ ][ ][ ][ ][ ][ ]                              [ ][ ][ ][ ]
[ ][ ][ ][ ][ ][ ]                              [*][ ][*][ ]
[ ][ ][ ][ ][ ][ ]                                          
[ ][ ][ ][ ][ ][ ]                              [ ][ ][ ][ ]
                                                [ ][ ][ ][ ]
[ ][ ][ ][ ][ ][ ]                              [ ][ ][ ][ ]
[ ][ ][ ][ ][ ][ ]                              [ ][ ][ ][ ]
[ ][ ][ ][ ][ ][ ]
[ ][ ][ ][ ][ ][ ]
[ ][ ][ ][ ][ ][ ]
[ ][ ][ ][ ][ ][ ]

filters x=1,y=1,z=0                             inputs
width=6,height=6,depth=2                        width=4,height=4,depth=2
[ ][ ][ ][ ][ ][ ]                              [ ][ ][ ][ ]
[ ][*][ ][ ][ ][ ]                              [ ][*][ ][*]
[ ][ ][ ][ ][ ][ ]                              [ ][ ][ ][ ]
[ ][ ][ ][ ][ ][ ]                              [ ][*][ ][*]
[ ][ ][ ][ ][ ][ ]                                          
[ ][ ][ ][ ][ ][ ]                              [ ][ ][ ][ ]
                                                [ ][ ][ ][ ]
[ ][ ][ ][ ][ ][ ]                              [ ][ ][ ][ ]
[ ][ ][ ][ ][ ][ ]                              [ ][ ][ ][ ]
[ ][ ][ ][ ][ ][ ]
[ ][ ][ ][ ][ ][ ]
[ ][ ][ ][ ][ ][ ]
[ ][ ][ ][ ][ ][ ]

filters x=2,y=1,z=0                             inputs
width=6,height=6,depth=2                        width=4,height=4,depth=2
[ ][ ][ ][ ][ ][ ]                              [ ][ ][ ][ ]
[ ][ ][*][ ][ ][ ]                              [*][ ][*][ ]
[ ][ ][ ][ ][ ][ ]                              [ ][ ][ ][ ]
[ ][ ][ ][ ][ ][ ]                              [*][ ][*][ ]
[ ][ ][ ][ ][ ][ ]                                          
[ ][ ][ ][ ][ ][ ]                              [ ][ ][ ][ ]
                                                [ ][ ][ ][ ]
[ ][ ][ ][ ][ ][ ]                              [ ][ ][ ][ ]
[ ][ ][ ][ ][ ][ ]                              [ ][ ][ ][ ]
[ ][ ][ ][ ][ ][ ]
[ ][ ][ ][ ][ ][ ]
[ ][ ][ ][ ][ ][ ]
[ ][ ][ ][ ][ ][ ]

filters x=3,y=1,z=0                             inputs
width=6,height=6,depth=2                        width=4,height=4,depth=2
[ ][ ][ ][ ][ ][ ]                              [ ][ ][ ][ ]
[ ][ ][ ][*][ ][ ]                              [ ][*][ ][*]
[ ][ ][ ][ ][ ][ ]                              [ ][ ][ ][ ]
[ ][ ][ ][ ][ ][ ]                              [ ][*][ ][*]
[ ][ ][ ][ ][ ][ ]                                          
[ ][ ][ ][ ][ ][ ]                              [ ][ ][ ][ ]
                                                [ ][ ][ ][ ]
[ ][ ][ ][ ][ ][ ]                              [ ][ ][ ][ ]
[ ][ ][ ][ ][ ][ ]                              [ ][ ][ ][ ]
[ ][ ][ ][ ][ ][ ]
[ ][ ][ ][ ][ ][ ]
[ ][ ][ ][ ][ ][ ]
[ ][ ][ ][ ][ ][ ]

filters x=4,y=1,z=0                             inputs
width=6,height=6,depth=2                        width=4,height=4,depth=2
[ ][ ][ ][ ][ ][ ]                              [ ][ ][ ][ ]
[ ][ ][ ][ ][*][ ]                              [ ][ ][*][ ]
[ ][ ][ ][ ][ ][ ]                              [ ][ ][ ][ ]
[ ][ ][ ][ ][ ][ ]                              [ ][ ][*][ ]
[ ][ ][ ][ ][ ][ ]                                          
[ ][ ][ ][ ][ ][ ]                              [ ][ ][ ][ ]
                                                [ ][ ][ ][ ]
[ ][ ][ ][ ][ ][ ]                              [ ][ ][ ][ ]
[ ][ ][ ][ ][ ][ ]                              [ ][ ][ ][ ]
[ ][ ][ ][ ][ ][ ]
[ ][ ][ ][ ][ ][ ]
[ ][ ][ ][ ][ ][ ]
[ ][ ][ ][ ][ ][ ]

filters x=5,y=1,z=0                             inputs
width=6,height=6,depth=2                        width=4,height=4,depth=2
[ ][ ][ ][ ][ ][ ]                              [ ][ ][ ][ ]
[ ][ ][ ][ ][ ][*]                              [ ][ ][ ][*]
[ ][ ][ ][ ][ ][ ]                              [ ][ ][ ][ ]
[ ][ ][ ][ ][ ][ ]                              [ ][ ][ ][*]
[ ][ ][ ][ ][ ][ ]                                          
[ ][ ][ ][ ][ ][ ]                              [ ][ ][ ][ ]
                                                [ ][ ][ ][ ]
[ ][ ][ ][ ][ ][ ]                              [ ][ ][ ][ ]
[ ][ ][ ][ ][ ][ ]                              [ ][ ][ ][ ]
[ ][ ][ ][ ][ ][ ]
[ ][ ][ ][ ][ ][ ]
[ ][ ][ ][ ][ ][ ]
[ ][ ][ ][ ][ ][ ]

filters x=0,y=2,z=0                             inputs
width=6,height=6,depth=2                        width=4,height=4,depth=2
[ ][ ][ ][ ][ ][ ]                              [*][ ][*][ ]
[ ][ ][ ][ ][ ][ ]                              [ ][ ][ ][ ]
[*][ ][ ][ ][ ][ ]                              [*][ ][*][ ]
[ ][ ][ ][ ][ ][ ]                              [ ][ ][ ][ ]
[ ][ ][ ][ ][ ][ ]                                          
[ ][ ][ ][ ][ ][ ]                              [ ][ ][ ][ ]
                                                [ ][ ][ ][ ]
[ ][ ][ ][ ][ ][ ]                              [ ][ ][ ][ ]
[ ][ ][ ][ ][ ][ ]                              [ ][ ][ ][ ]
[ ][ ][ ][ ][ ][ ]
[ ][ ][ ][ ][ ][ ]
[ ][ ][ ][ ][ ][ ]
[ ][ ][ ][ ][ ][ ]

filters x=1,y=2,z=0                             inputs
width=6,height=6,depth=2                        width=4,height=4,depth=2
[ ][ ][ ][ ][ ][ ]                              [ ][*][ ][*]
[ ][ ][ ][ ][ ][ ]                              [ ][ ][ ][ ]
[ ][*][ ][ ][ ][ ]                              [ ][*][ ][*]
[ ][ ][ ][ ][ ][ ]                              [ ][ ][ ][ ]
[ ][ ][ ][ ][ ][ ]                                          
[ ][ ][ ][ ][ ][ ]                              [ ][ ][ ][ ]
                                                [ ][ ][ ][ ]
[ ][ ][ ][ ][ ][ ]                              [ ][ ][ ][ ]
[ ][ ][ ][ ][ ][ ]                              [ ][ ][ ][ ]
[ ][ ][ ][ ][ ][ ]
[ ][ ][ ][ ][ ][ ]
[ ][ ][ ][ ][ ][ ]
[ ][ ][ ][ ][ ][ ]

filters x=2,y=2,z=0                             inputs
width=6,height=6,depth=2                        width=4,height=4,depth=2
[ ][ ][ ][ ][ ][ ]                              [*][ ][*][ ]
[ ][ ][ ][ ][ ][ ]                              [ ][ ][ ][ ]
[ ][ ][*][ ][ ][ ]                              [*][ ][*][ ]
[ ][ ][ ][ ][ ][ ]                              [ ][ ][ ][ ]
[ ][ ][ ][ ][ ][ ]                                          
[ ][ ][ ][ ][ ][ ]                              [ ][ ][ ][ ]
                                                [ ][ ][ ][ ]
[ ][ ][ ][ ][ ][ ]                              [ ][ ][ ][ ]
[ ][ ][ ][ ][ ][ ]                              [ ][ ][ ][ ]
[ ][ ][ ][ ][ ][ ]
[ ][ ][ ][ ][ ][ ]
[ ][ ][ ][ ][ ][ ]
[ ][ ][ ][ ][ ][ ]

filters x=3,y=2,z=0                             inputs
width=6,height=6,depth=2                        width=4,height=4,depth=2
[ ][ ][ ][ ][ ][ ]                              [ ][*][ ][*]
[ ][ ][ ][ ][ ][ ]                              [ ][ ][ ][ ]
[ ][ ][ ][*][ ][ ]                              [ ][*][ ][*]
[ ][ ][ ][ ][ ][ ]                              [ ][ ][ ][ ]
[ ][ ][ ][ ][ ][ ]                                          
[ ][ ][ ][ ][ ][ ]                              [ ][ ][ ][ ]
                                                [ ][ ][ ][ ]
[ ][ ][ ][ ][ ][ ]                              [ ][ ][ ][ ]
[ ][ ][ ][ ][ ][ ]                              [ ][ ][ ][ ]
[ ][ ][ ][ ][ ][ ]
[ ][ ][ ][ ][ ][ ]
[ ][ ][ ][ ][ ][ ]
[ ][ ][ ][ ][ ][ ]

filters x=4,y=2,z=0                             inputs
width=6,height=6,depth=2                        width=4,height=4,depth=2
[ ][ ][ ][ ][ ][ ]                              [ ][ ][*][ ]
[ ][ ][ ][ ][ ][ ]                              [ ][ ][ ][ ]
[ ][ ][ ][ ][*][ ]                              [ ][ ][*][ ]
[ ][ ][ ][ ][ ][ ]                              [ ][ ][ ][ ]
[ ][ ][ ][ ][ ][ ]                                          
[ ][ ][ ][ ][ ][ ]                              [ ][ ][ ][ ]
                                                [ ][ ][ ][ ]
[ ][ ][ ][ ][ ][ ]                              [ ][ ][ ][ ]
[ ][ ][ ][ ][ ][ ]                              [ ][ ][ ][ ]
[ ][ ][ ][ ][ ][ ]
[ ][ ][ ][ ][ ][ ]
[ ][ ][ ][ ][ ][ ]
[ ][ ][ ][ ][ ][ ]

filters x=5,y=2,z=0                             inputs
width=6,height=6,depth=2                        width=4,height=4,depth=2
[ ][ ][ ][ ][ ][ ]                              [ ][ ][ ][*]
[ ][ ][ ][ ][ ][ ]                              [ ][ ][ ][ ]
[ ][ ][ ][ ][ ][*]                              [ ][ ][ ][*]
[ ][ ][ ][ ][ ][ ]                              [ ][ ][ ][ ]
[ ][ ][ ][ ][ ][ ]                                          
[ ][ ][ ][ ][ ][ ]                              [ ][ ][ ][ ]
                                                [ ][ ][ ][ ]
[ ][ ][ ][ ][ ][ ]                              [ ][ ][ ][ ]
[ ][ ][ ][ ][ ][ ]                              [ ][ ][ ][ ]
[ ][ ][ ][ ][ ][ ]
[ ][ ][ ][ ][ ][ ]
[ ][ ][ ][ ][ ][ ]
[ ][ ][ ][ ][ ][ ]

filters x=0,y=3,z=0                             inputs
width=6,height=6,depth=2                        width=4,height=4,depth=2
[ ][ ][ ][ ][ ][ ]                              [ ][ ][ ][ ]
[ ][ ][ ][ ][ ][ ]                              [*][ ][*][ ]
[ ][ ][ ][ ][ ][ ]                              [ ][ ][ ][ ]
[*][ ][ ][ ][ ][ ]                              [*][ ][*][ ]
[ ][ ][ ][ ][ ][ ]                                          
[ ][ ][ ][ ][ ][ ]                              [ ][ ][ ][ ]
                                                [ ][ ][ ][ ]
[ ][ ][ ][ ][ ][ ]                              [ ][ ][ ][ ]
[ ][ ][ ][ ][ ][ ]                              [ ][ ][ ][ ]
[ ][ ][ ][ ][ ][ ]
[ ][ ][ ][ ][ ][ ]
[ ][ ][ ][ ][ ][ ]
[ ][ ][ ][ ][ ][ ]

filters x=1,y=3,z=0                             inputs
width=6,height=6,depth=2                        width=4,height=4,depth=2
[ ][ ][ ][ ][ ][ ]                              [ ][ ][ ][ ]
[ ][ ][ ][ ][ ][ ]                              [ ][*][ ][*]
[ ][ ][ ][ ][ ][ ]                              [ ][ ][ ][ ]
[ ][*][ ][ ][ ][ ]                              [ ][*][ ][*]
[ ][ ][ ][ ][ ][ ]                                          
[ ][ ][ ][ ][ ][ ]                              [ ][ ][ ][ ]
                                                [ ][ ][ ][ ]
[ ][ ][ ][ ][ ][ ]                              [ ][ ][ ][ ]
[ ][ ][ ][ ][ ][ ]                              [ ][ ][ ][ ]
[ ][ ][ ][ ][ ][ ]
[ ][ ][ ][ ][ ][ ]
[ ][ ][ ][ ][ ][ ]
[ ][ ][ ][ ][ ][ ]

filters x=2,y=3,z=0                             inputs
width=6,height=6,depth=2                        width=4,height=4,depth=2
[ ][ ][ ][ ][ ][ ]                              [ ][ ][ ][ ]
[ ][ ][ ][ ][ ][ ]                              [*][ ][*][ ]
[ ][ ][ ][ ][ ][ ]                              [ ][ ][ ][ ]
[ ][ ][*][ ][ ][ ]                              [*][ ][*][ ]
[ ][ ][ ][ ][ ][ ]                                          
[ ][ ][ ][ ][ ][ ]                              [ ][ ][ ][ ]
                                                [ ][ ][ ][ ]
[ ][ ][ ][ ][ ][ ]                              [ ][ ][ ][ ]
[ ][ ][ ][ ][ ][ ]                              [ ][ ][ ][ ]
[ ][ ][ ][ ][ ][ ]
[ ][ ][ ][ ][ ][ ]
[ ][ ][ ][ ][ ][ ]
[ ][ ][ ][ ][ ][ ]

filters x=3,y=3,z=0                             inputs
width=6,height=6,depth=2                        width=4,height=4,depth=2
[ ][ ][ ][ ][ ][ ]                              [ ][ ][ ][ ]
[ ][ ][ ][ ][ ][ ]                              [ ][*][ ][*]
[ ][ ][ ][ ][ ][ ]                              [ ][ ][ ][ ]
[ ][ ][ ][*][ ][ ]                              [ ][*][ ][*]
[ ][ ][ ][ ][ ][ ]                                          
[ ][ ][ ][ ][ ][ ]                              [ ][ ][ ][ ]
                                                [ ][ ][ ][ ]
[ ][ ][ ][ ][ ][ ]                              [ ][ ][ ][ ]
[ ][ ][ ][ ][ ][ ]                              [ ][ ][ ][ ]
[ ][ ][ ][ ][ ][ ]
[ ][ ][ ][ ][ ][ ]
[ ][ ][ ][ ][ ][ ]
[ ][ ][ ][ ][ ][ ]

filters x=4,y=3,z=0                             inputs
width=6,height=6,depth=2                        width=4,height=4,depth=2
[ ][ ][ ][ ][ ][ ]                              [ ][ ][ ][ ]
[ ][ ][ ][ ][ ][ ]                              [ ][ ][*][ ]
[ ][ ][ ][ ][ ][ ]                              [ ][ ][ ][ ]
[ ][ ][ ][ ][*][ ]                              [ ][ ][*][ ]
[ ][ ][ ][ ][ ][ ]                                          
[ ][ ][ ][ ][ ][ ]                              [ ][ ][ ][ ]
                                                [ ][ ][ ][ ]
[ ][ ][ ][ ][ ][ ]                              [ ][ ][ ][ ]
[ ][ ][ ][ ][ ][ ]                              [ ][ ][ ][ ]
[ ][ ][ ][ ][ ][ ]
[ ][ ][ ][ ][ ][ ]
[ ][ ][ ][ ][ ][ ]
[ ][ ][ ][ ][ ][ ]

filters x=5,y=3,z=0                             inputs
width=6,height=6,depth=2                        width=4,height=4,depth=2
[ ][ ][ ][ ][ ][ ]                              [ ][ ][ ][ ]
[ ][ ][ ][ ][ ][ ]                              [ ][ ][ ][*]
[ ][ ][ ][ ][ ][ ]                              [ ][ ][ ][ ]
[ ][ ][ ][ ][ ][*]                              [ ][ ][ ][*]
[ ][ ][ ][ ][ ][ ]                                          
[ ][ ][ ][ ][ ][ ]                              [ ][ ][ ][ ]
                                                [ ][ ][ ][ ]
[ ][ ][ ][ ][ ][ ]                              [ ][ ][ ][ ]
[ ][ ][ ][ ][ ][ ]                              [ ][ ][ ][ ]
[ ][ ][ ][ ][ ][ ]
[ ][ ][ ][ ][ ][ ]
[ ][ ][ ][ ][ ][ ]
[ ][ ][ ][ ][ ][ ]

filters x=0,y=4,z=0                             inputs
width=6,height=6,depth=2                        width=4,height=4,depth=2
[ ][ ][ ][ ][ ][ ]                              [ ][ ][ ][ ]
[ ][ ][ ][ ][ ][ ]                              [ ][ ][ ][ ]
[ ][ ][ ][ ][ ][ ]                              [*][ ][*][ ]
[ ][ ][ ][ ][ ][ ]                              [ ][ ][ ][ ]
[*][ ][ ][ ][ ][ ]                                          
[ ][ ][ ][ ][ ][ ]                              [ ][ ][ ][ ]
                                                [ ][ ][ ][ ]
[ ][ ][ ][ ][ ][ ]                              [ ][ ][ ][ ]
[ ][ ][ ][ ][ ][ ]                              [ ][ ][ ][ ]
[ ][ ][ ][ ][ ][ ]
[ ][ ][ ][ ][ ][ ]
[ ][ ][ ][ ][ ][ ]
[ ][ ][ ][ ][ ][ ]

filters x=1,y=4,z=0                             inputs
width=6,height=6,depth=2                        width=4,height=4,depth=2
[ ][ ][ ][ ][ ][ ]                              [ ][ ][ ][ ]
[ ][ ][ ][ ][ ][ ]                              [ ][ ][ ][ ]
[ ][ ][ ][ ][ ][ ]                              [ ][*][ ][*]
[ ][ ][ ][ ][ ][ ]                              [ ][ ][ ][ ]
[ ][*][ ][ ][ ][ ]                                          
[ ][ ][ ][ ][ ][ ]                              [ ][ ][ ][ ]
                                                [ ][ ][ ][ ]
[ ][ ][ ][ ][ ][ ]                              [ ][ ][ ][ ]
[ ][ ][ ][ ][ ][ ]                              [ ][ ][ ][ ]
[ ][ ][ ][ ][ ][ ]
[ ][ ][ ][ ][ ][ ]
[ ][ ][ ][ ][ ][ ]
[ ][ ][ ][ ][ ][ ]

filters x=2,y=4,z=0                             inputs
width=6,height=6,depth=2                        width=4,height=4,depth=2
[ ][ ][ ][ ][ ][ ]                              [ ][ ][ ][ ]
[ ][ ][ ][ ][ ][ ]                              [ ][ ][ ][ ]
[ ][ ][ ][ ][ ][ ]                              [*][ ][*][ ]
[ ][ ][ ][ ][ ][ ]                              [ ][ ][ ][ ]
[ ][ ][*][ ][ ][ ]                                          
[ ][ ][ ][ ][ ][ ]                              [ ][ ][ ][ ]
                                                [ ][ ][ ][ ]
[ ][ ][ ][ ][ ][ ]                              [ ][ ][ ][ ]
[ ][ ][ ][ ][ ][ ]                              [ ][ ][ ][ ]
[ ][ ][ ][ ][ ][ ]
[ ][ ][ ][ ][ ][ ]
[ ][ ][ ][ ][ ][ ]
[ ][ ][ ][ ][ ][ ]

filters x=3,y=4,z=0                             inputs
width=6,height=6,depth=2                        width=4,height=4,depth=2
[ ][ ][ ][ ][ ][ ]                              [ ][ ][ ][ ]
[ ][ ][ ][ ][ ][ ]                              [ ][ ][ ][ ]
[ ][ ][ ][ ][ ][ ]                              [ ][*][ ][*]
[ ][ ][ ][ ][ ][ ]                              [ ][ ][ ][ ]
[ ][ ][ ][*][ ][ ]                                          
[ ][ ][ ][ ][ ][ ]                              [ ][ ][ ][ ]
                                                [ ][ ][ ][ ]
[ ][ ][ ][ ][ ][ ]                              [ ][ ][ ][ ]
[ ][ ][ ][ ][ ][ ]                              [ ][ ][ ][ ]
[ ][ ][ ][ ][ ][ ]
[ ][ ][ ][ ][ ][ ]
[ ][ ][ ][ ][ ][ ]
[ ][ ][ ][ ][ ][ ]

filters x=4,y=4,z=0                             inputs
width=6,height=6,depth=2                        width=4,height=4,depth=2
[ ][ ][ ][ ][ ][ ]                              [ ][ ][ ][ ]
[ ][ ][ ][ ][ ][ ]                              [ ][ ][ ][ ]
[ ][ ][ ][ ][ ][ ]                              [ ][ ][*][ ]
[ ][ ][ ][ ][ ][ ]                              [ ][ ][ ][ ]
[ ][ ][ ][ ][*][ ]                                          
[ ][ ][ ][ ][ ][ ]                              [ ][ ][ ][ ]
                                                [ ][ ][ ][ ]
[ ][ ][ ][ ][ ][ ]                              [ ][ ][ ][ ]
[ ][ ][ ][ ][ ][ ]                              [ ][ ][ ][ ]
[ ][ ][ ][ ][ ][ ]
[ ][ ][ ][ ][ ][ ]
[ ][ ][ ][ ][ ][ ]
[ ][ ][ ][ ][ ][ ]

filters x=5,y=4,z=0                             inputs
width=6,height=6,depth=2                        width=4,height=4,depth=2
[ ][ ][ ][ ][ ][ ]                              [ ][ ][ ][ ]
[ ][ ][ ][ ][ ][ ]                              [ ][ ][ ][ ]
[ ][ ][ ][ ][ ][ ]                              [ ][ ][ ][*]
[ ][ ][ ][ ][ ][ ]                              [ ][ ][ ][ ]
[ ][ ][ ][ ][ ][*]                                          
[ ][ ][ ][ ][ ][ ]                              [ ][ ][ ][ ]
                                                [ ][ ][ ][ ]
[ ][ ][ ][ ][ ][ ]                              [ ][ ][ ][ ]
[ ][ ][ ][ ][ ][ ]                              [ ][ ][ ][ ]
[ ][ ][ ][ ][ ][ ]
[ ][ ][ ][ ][ ][ ]
[ ][ ][ ][ ][ ][ ]
[ ][ ][ ][ ][ ][ ]

filters x=0,y=5,z=0                             inputs
width=6,height=6,depth=2                        width=4,height=4,depth=2
[ ][ ][ ][ ][ ][ ]                              [ ][ ][ ][ ]
[ ][ ][ ][ ][ ][ ]                              [ ][ ][ ][ ]
[ ][ ][ ][ ][ ][ ]                              [ ][ ][ ][ ]
[ ][ ][ ][ ][ ][ ]                              [*][ ][*][ ]
[ ][ ][ ][ ][ ][ ]                                          
[*][ ][ ][ ][ ][ ]                              [ ][ ][ ][ ]
                                                [ ][ ][ ][ ]
[ ][ ][ ][ ][ ][ ]                              [ ][ ][ ][ ]
[ ][ ][ ][ ][ ][ ]                              [ ][ ][ ][ ]
[ ][ ][ ][ ][ ][ ]
[ ][ ][ ][ ][ ][ ]
[ ][ ][ ][ ][ ][ ]
[ ][ ][ ][ ][ ][ ]

filters x=1,y=5,z=0                             inputs
width=6,height=6,depth=2                        width=4,height=4,depth=2
[ ][ ][ ][ ][ ][ ]                              [ ][ ][ ][ ]
[ ][ ][ ][ ][ ][ ]                              [ ][ ][ ][ ]
[ ][ ][ ][ ][ ][ ]                              [ ][ ][ ][ ]
[ ][ ][ ][ ][ ][ ]                              [ ][*][ ][*]
[ ][ ][ ][ ][ ][ ]                                          
[ ][*][ ][ ][ ][ ]                              [ ][ ][ ][ ]
                                                [ ][ ][ ][ ]
[ ][ ][ ][ ][ ][ ]                              [ ][ ][ ][ ]
[ ][ ][ ][ ][ ][ ]                              [ ][ ][ ][ ]
[ ][ ][ ][ ][ ][ ]
[ ][ ][ ][ ][ ][ ]
[ ][ ][ ][ ][ ][ ]
[ ][ ][ ][ ][ ][ ]

filters x=2,y=5,z=0                             inputs
width=6,height=6,depth=2                        width=4,height=4,depth=2
[ ][ ][ ][ ][ ][ ]                              [ ][ ][ ][ ]
[ ][ ][ ][ ][ ][ ]                              [ ][ ][ ][ ]
[ ][ ][ ][ ][ ][ ]                              [ ][ ][ ][ ]
[ ][ ][ ][ ][ ][ ]                              [*][ ][*][ ]
[ ][ ][ ][ ][ ][ ]                                          
[ ][ ][*][ ][ ][ ]                              [ ][ ][ ][ ]
                                                [ ][ ][ ][ ]
[ ][ ][ ][ ][ ][ ]                              [ ][ ][ ][ ]
[ ][ ][ ][ ][ ][ ]                              [ ][ ][ ][ ]
[ ][ ][ ][ ][ ][ ]
[ ][ ][ ][ ][ ][ ]
[ ][ ][ ][ ][ ][ ]
[ ][ ][ ][ ][ ][ ]

filters x=3,y=5,z=0                             inputs
width=6,height=6,depth=2                        width=4,height=4,depth=2
[ ][ ][ ][ ][ ][ ]                              [ ][ ][ ][ ]
[ ][ ][ ][ ][ ][ ]                              [ ][ ][ ][ ]
[ ][ ][ ][ ][ ][ ]                              [ ][ ][ ][ ]
[ ][ ][ ][ ][ ][ ]                              [ ][*][ ][*]
[ ][ ][ ][ ][ ][ ]                                          
[ ][ ][ ][*][ ][ ]                              [ ][ ][ ][ ]
                                                [ ][ ][ ][ ]
[ ][ ][ ][ ][ ][ ]                              [ ][ ][ ][ ]
[ ][ ][ ][ ][ ][ ]                              [ ][ ][ ][ ]
[ ][ ][ ][ ][ ][ ]
[ ][ ][ ][ ][ ][ ]
[ ][ ][ ][ ][ ][ ]
[ ][ ][ ][ ][ ][ ]

filters x=4,y=5,z=0                             inputs
width=6,height=6,depth=2                        width=4,height=4,depth=2
[ ][ ][ ][ ][ ][ ]                              [ ][ ][ ][ ]
[ ][ ][ ][ ][ ][ ]                              [ ][ ][ ][ ]
[ ][ ][ ][ ][ ][ ]                              [ ][ ][ ][ ]
[ ][ ][ ][ ][ ][ ]                              [ ][ ][*][ ]
[ ][ ][ ][ ][ ][ ]                                          
[ ][ ][ ][ ][*][ ]                              [ ][ ][ ][ ]
                                                [ ][ ][ ][ ]
[ ][ ][ ][ ][ ][ ]                              [ ][ ][ ][ ]
[ ][ ][ ][ ][ ][ ]                              [ ][ ][ ][ ]
[ ][ ][ ][ ][ ][ ]
[ ][ ][ ][ ][ ][ ]
[ ][ ][ ][ ][ ][ ]
[ ][ ][ ][ ][ ][ ]

filters x=5,y=5,z=0                             inputs
width=6,height=6,depth=2                        width=4,height=4,depth=2
[ ][ ][ ][ ][ ][ ]                              [ ][ ][ ][ ]
[ ][ ][ ][ ][ ][ ]                              [ ][ ][ ][ ]
[ ][ ][ ][ ][ ][ ]                              [ ][ ][ ][ ]
[ ][ ][ ][ ][ ][ ]                              [ ][ ][ ][*]
[ ][ ][ ][ ][ ][ ]                                          
[ ][ ][ ][ ][ ][*]                              [ ][ ][ ][ ]
                                                [ ][ ][ ][ ]
[ ][ ][ ][ ][ ][ ]                              [ ][ ][ ][ ]
[ ][ ][ ][ ][ ][ ]                              [ ][ ][ ][ ]
[ ][ ][ ][ ][ ][ ]
[ ][ ][ ][ ][ ][ ]
[ ][ ][ ][ ][ ][ ]
[ ][ ][ ][ ][ ][ ]

filters x=0,y=0,z=1                             inputs
width=6,height=6,depth=2                        width=4,height=4,depth=2
[ ][ ][ ][ ][ ][ ]                              [ ][ ][ ][ ]
[ ][ ][ ][ ][ ][ ]                              [ ][ ][ ][ ]
[ ][ ][ ][ ][ ][ ]                              [ ][ ][ ][ ]
[ ][ ][ ][ ][ ][ ]                              [ ][ ][ ][ ]
[ ][ ][ ][ ][ ][ ]                                          
[ ][ ][ ][ ][ ][ ]                              [*][ ][*][ ]
                                                [ ][ ][ ][ ]
[*][ ][ ][ ][ ][ ]                              [*][ ][*][ ]
[ ][ ][ ][ ][ ][ ]                              [ ][ ][ ][ ]
[ ][ ][ ][ ][ ][ ]
[ ][ ][ ][ ][ ][ ]
[ ][ ][ ][ ][ ][ ]
[ ][ ][ ][ ][ ][ ]

filters x=1,y=0,z=1                             inputs
width=6,height=6,depth=2                        width=4,height=4,depth=2
[ ][ ][ ][ ][ ][ ]                              [ ][ ][ ][ ]
[ ][ ][ ][ ][ ][ ]                              [ ][ ][ ][ ]
[ ][ ][ ][ ][ ][ ]                              [ ][ ][ ][ ]
[ ][ ][ ][ ][ ][ ]                              [ ][ ][ ][ ]
[ ][ ][ ][ ][ ][ ]                                          
[ ][ ][ ][ ][ ][ ]                              [ ][*][ ][*]
                                                [ ][ ][ ][ ]
[ ][*][ ][ ][ ][ ]                              [ ][*][ ][*]
[ ][ ][ ][ ][ ][ ]                              [ ][ ][ ][ ]
[ ][ ][ ][ ][ ][ ]
[ ][ ][ ][ ][ ][ ]
[ ][ ][ ][ ][ ][ ]
[ ][ ][ ][ ][ ][ ]

filters x=2,y=0,z=1                             inputs
width=6,height=6,depth=2                        width=4,height=4,depth=2
[ ][ ][ ][ ][ ][ ]                              [ ][ ][ ][ ]
[ ][ ][ ][ ][ ][ ]                              [ ][ ][ ][ ]
[ ][ ][ ][ ][ ][ ]                              [ ][ ][ ][ ]
[ ][ ][ ][ ][ ][ ]                              [ ][ ][ ][ ]
[ ][ ][ ][ ][ ][ ]                                          
[ ][ ][ ][ ][ ][ ]                              [*][ ][*][ ]
                                                [ ][ ][ ][ ]
[ ][ ][*][ ][ ][ ]                              [*][ ][*][ ]
[ ][ ][ ][ ][ ][ ]                              [ ][ ][ ][ ]
[ ][ ][ ][ ][ ][ ]
[ ][ ][ ][ ][ ][ ]
[ ][ ][ ][ ][ ][ ]
[ ][ ][ ][ ][ ][ ]

filters x=3,y=0,z=1                             inputs
width=6,height=6,depth=2                        width=4,height=4,depth=2
[ ][ ][ ][ ][ ][ ]                              [ ][ ][ ][ ]
[ ][ ][ ][ ][ ][ ]                              [ ][ ][ ][ ]
[ ][ ][ ][ ][ ][ ]                              [ ][ ][ ][ ]
[ ][ ][ ][ ][ ][ ]                              [ ][ ][ ][ ]
[ ][ ][ ][ ][ ][ ]                                          
[ ][ ][ ][ ][ ][ ]                              [ ][*][ ][*]
                                                [ ][ ][ ][ ]
[ ][ ][ ][*][ ][ ]                              [ ][*][ ][*]
[ ][ ][ ][ ][ ][ ]                              [ ][ ][ ][ ]
[ ][ ][ ][ ][ ][ ]
[ ][ ][ ][ ][ ][ ]
[ ][ ][ ][ ][ ][ ]
[ ][ ][ ][ ][ ][ ]

filters x=4,y=0,z=1                             inputs
width=6,height=6,depth=2                        width=4,height=4,depth=2
[ ][ ][ ][ ][ ][ ]                              [ ][ ][ ][ ]
[ ][ ][ ][ ][ ][ ]                              [ ][ ][ ][ ]
[ ][ ][ ][ ][ ][ ]                              [ ][ ][ ][ ]
[ ][ ][ ][ ][ ][ ]                              [ ][ ][ ][ ]
[ ][ ][ ][ ][ ][ ]                                          
[ ][ ][ ][ ][ ][ ]                              [ ][ ][*][ ]
                                                [ ][ ][ ][ ]
[ ][ ][ ][ ][*][ ]                              [ ][ ][*][ ]
[ ][ ][ ][ ][ ][ ]                              [ ][ ][ ][ ]
[ ][ ][ ][ ][ ][ ]
[ ][ ][ ][ ][ ][ ]
[ ][ ][ ][ ][ ][ ]
[ ][ ][ ][ ][ ][ ]

filters x=5,y=0,z=1                             inputs
width=6,height=6,depth=2                        width=4,height=4,depth=2
[ ][ ][ ][ ][ ][ ]                              [ ][ ][ ][ ]
[ ][ ][ ][ ][ ][ ]                              [ ][ ][ ][ ]
[ ][ ][ ][ ][ ][ ]                              [ ][ ][ ][ ]
[ ][ ][ ][ ][ ][ ]                              [ ][ ][ ][ ]
[ ][ ][ ][ ][ ][ ]                                          
[ ][ ][ ][ ][ ][ ]                              [ ][ ][ ][*]
                                                [ ][ ][ ][ ]
[ ][ ][ ][ ][ ][*]                              [ ][ ][ ][*]
[ ][ ][ ][ ][ ][ ]                              [ ][ ][ ][ ]
[ ][ ][ ][ ][ ][ ]
[ ][ ][ ][ ][ ][ ]
[ ][ ][ ][ ][ ][ ]
[ ][ ][ ][ ][ ][ ]

filters x=0,y=1,z=1                             inputs
width=6,height=6,depth=2                        width=4,height=4,depth=2
[ ][ ][ ][ ][ ][ ]                              [ ][ ][ ][ ]
[ ][ ][ ][ ][ ][ ]                              [ ][ ][ ][ ]
[ ][ ][ ][ ][ ][ ]                              [ ][ ][ ][ ]
[ ][ ][ ][ ][ ][ ]                              [ ][ ][ ][ ]
[ ][ ][ ][ ][ ][ ]                                          
[ ][ ][ ][ ][ ][ ]                              [ ][ ][ ][ ]
                                                [*][ ][*][ ]
[ ][ ][ ][ ][ ][ ]                              [ ][ ][ ][ ]
[*][ ][ ][ ][ ][ ]                              [*][ ][*][ ]
[ ][ ][ ][ ][ ][ ]
[ ][ ][ ][ ][ ][ ]
[ ][ ][ ][ ][ ][ ]
[ ][ ][ ][ ][ ][ ]

filters x=1,y=1,z=1                             inputs
width=6,height=6,depth=2                        width=4,height=4,depth=2
[ ][ ][ ][ ][ ][ ]                              [ ][ ][ ][ ]
[ ][ ][ ][ ][ ][ ]                              [ ][ ][ ][ ]
[ ][ ][ ][ ][ ][ ]                              [ ][ ][ ][ ]
[ ][ ][ ][ ][ ][ ]                              [ ][ ][ ][ ]
[ ][ ][ ][ ][ ][ ]                                          
[ ][ ][ ][ ][ ][ ]                              [ ][ ][ ][ ]
                                                [ ][*][ ][*]
[ ][ ][ ][ ][ ][ ]                              [ ][ ][ ][ ]
[ ][*][ ][ ][ ][ ]                              [ ][*][ ][*]
[ ][ ][ ][ ][ ][ ]
[ ][ ][ ][ ][ ][ ]
[ ][ ][ ][ ][ ][ ]
[ ][ ][ ][ ][ ][ ]

filters x=2,y=1,z=1                             inputs
width=6,height=6,depth=2                        width=4,height=4,depth=2
[ ][ ][ ][ ][ ][ ]                              [ ][ ][ ][ ]
[ ][ ][ ][ ][ ][ ]                              [ ][ ][ ][ ]
[ ][ ][ ][ ][ ][ ]                              [ ][ ][ ][ ]
[ ][ ][ ][ ][ ][ ]                              [ ][ ][ ][ ]
[ ][ ][ ][ ][ ][ ]                                          
[ ][ ][ ][ ][ ][ ]                              [ ][ ][ ][ ]
                                                [*][ ][*][ ]
[ ][ ][ ][ ][ ][ ]                              [ ][ ][ ][ ]
[ ][ ][*][ ][ ][ ]                              [*][ ][*][ ]
[ ][ ][ ][ ][ ][ ]
[ ][ ][ ][ ][ ][ ]
[ ][ ][ ][ ][ ][ ]
[ ][ ][ ][ ][ ][ ]

filters x=3,y=1,z=1                             inputs
width=6,height=6,depth=2                        width=4,height=4,depth=2
[ ][ ][ ][ ][ ][ ]                              [ ][ ][ ][ ]
[ ][ ][ ][ ][ ][ ]                              [ ][ ][ ][ ]
[ ][ ][ ][ ][ ][ ]                              [ ][ ][ ][ ]
[ ][ ][ ][ ][ ][ ]                              [ ][ ][ ][ ]
[ ][ ][ ][ ][ ][ ]                                          
[ ][ ][ ][ ][ ][ ]                              [ ][ ][ ][ ]
                                                [ ][*][ ][*]
[ ][ ][ ][ ][ ][ ]                              [ ][ ][ ][ ]
[ ][ ][ ][*][ ][ ]                              [ ][*][ ][*]
[ ][ ][ ][ ][ ][ ]
[ ][ ][ ][ ][ ][ ]
[ ][ ][ ][ ][ ][ ]
[ ][ ][ ][ ][ ][ ]

filters x=4,y=1,z=1                             inputs
width=6,height=6,depth=2                        width=4,height=4,depth=2
[ ][ ][ ][ ][ ][ ]                              [ ][ ][ ][ ]
[ ][ ][ ][ ][ ][ ]                              [ ][ ][ ][ ]
[ ][ ][ ][ ][ ][ ]                              [ ][ ][ ][ ]
[ ][ ][ ][ ][ ][ ]                              [ ][ ][ ][ ]
[ ][ ][ ][ ][ ][ ]                                          
[ ][ ][ ][ ][ ][ ]                              [ ][ ][ ][ ]
                                                [ ][ ][*][ ]
[ ][ ][ ][ ][ ][ ]                              [ ][ ][ ][ ]
[ ][ ][ ][ ][*][ ]                              [ ][ ][*][ ]
[ ][ ][ ][ ][ ][ ]
[ ][ ][ ][ ][ ][ ]
[ ][ ][ ][ ][ ][ ]
[ ][ ][ ][ ][ ][ ]

filters x=5,y=1,z=1                             inputs
width=6,height=6,depth=2                        width=4,height=4,depth=2
[ ][ ][ ][ ][ ][ ]                              [ ][ ][ ][ ]
[ ][ ][ ][ ][ ][ ]                              [ ][ ][ ][ ]
[ ][ ][ ][ ][ ][ ]                              [ ][ ][ ][ ]
[ ][ ][ ][ ][ ][ ]                              [ ][ ][ ][ ]
[ ][ ][ ][ ][ ][ ]                                          
[ ][ ][ ][ ][ ][ ]                              [ ][ ][ ][ ]
                                                [ ][ ][ ][*]
[ ][ ][ ][ ][ ][ ]                              [ ][ ][ ][ ]
[ ][ ][ ][ ][ ][*]                              [ ][ ][ ][*]
[ ][ ][ ][ ][ ][ ]
[ ][ ][ ][ ][ ][ ]
[ ][ ][ ][ ][ ][ ]
[ ][ ][ ][ ][ ][ ]

filters x=0,y=2,z=1                             inputs
width=6,height=6,depth=2                        width=4,height=4,depth=2
[ ][ ][ ][ ][ ][ ]                              [ ][ ][ ][ ]
[ ][ ][ ][ ][ ][ ]                              [ ][ ][ ][ ]
[ ][ ][ ][ ][ ][ ]                              [ ][ ][ ][ ]
[ ][ ][ ][ ][ ][ ]                              [ ][ ][ ][ ]
[ ][ ][ ][ ][ ][ ]                                          
[ ][ ][ ][ ][ ][ ]                              [*][ ][*][ ]
                                                [ ][ ][ ][ ]
[ ][ ][ ][ ][ ][ ]                              [*][ ][*][ ]
[ ][ ][ ][ ][ ][ ]                              [ ][ ][ ][ ]
[*][ ][ ][ ][ ][ ]
[ ][ ][ ][ ][ ][ ]
[ ][ ][ ][ ][ ][ ]
[ ][ ][ ][ ][ ][ ]

filters x=1,y=2,z=1                             inputs
width=6,height=6,depth=2                        width=4,height=4,depth=2
[ ][ ][ ][ ][ ][ ]                              [ ][ ][ ][ ]
[ ][ ][ ][ ][ ][ ]                              [ ][ ][ ][ ]
[ ][ ][ ][ ][ ][ ]                              [ ][ ][ ][ ]
[ ][ ][ ][ ][ ][ ]                              [ ][ ][ ][ ]
[ ][ ][ ][ ][ ][ ]                                          
[ ][ ][ ][ ][ ][ ]                              [ ][*][ ][*]
                                                [ ][ ][ ][ ]
[ ][ ][ ][ ][ ][ ]                              [ ][*][ ][*]
[ ][ ][ ][ ][ ][ ]                              [ ][ ][ ][ ]
[ ][*][ ][ ][ ][ ]
[ ][ ][ ][ ][ ][ ]
[ ][ ][ ][ ][ ][ ]
[ ][ ][ ][ ][ ][ ]

filters x=2,y=2,z=1                             inputs
width=6,height=6,depth=2                        width=4,height=4,depth=2
[ ][ ][ ][ ][ ][ ]                              [ ][ ][ ][ ]
[ ][ ][ ][ ][ ][ ]                              [ ][ ][ ][ ]
[ ][ ][ ][ ][ ][ ]                              [ ][ ][ ][ ]
[ ][ ][ ][ ][ ][ ]                              [ ][ ][ ][ ]
[ ][ ][ ][ ][ ][ ]                                          
[ ][ ][ ][ ][ ][ ]                              [*][ ][*][ ]
                                                [ ][ ][ ][ ]
[ ][ ][ ][ ][ ][ ]                              [*][ ][*][ ]
[ ][ ][ ][ ][ ][ ]                              [ ][ ][ ][ ]
[ ][ ][*][ ][ ][ ]
[ ][ ][ ][ ][ ][ ]
[ ][ ][ ][ ][ ][ ]
[ ][ ][ ][ ][ ][ ]

filters x=3,y=2,z=1                             inputs
width=6,height=6,depth=2                        width=4,height=4,depth=2
[ ][ ][ ][ ][ ][ ]                              [ ][ ][ ][ ]
[ ][ ][ ][ ][ ][ ]                              [ ][ ][ ][ ]
[ ][ ][ ][ ][ ][ ]                              [ ][ ][ ][ ]
[ ][ ][ ][ ][ ][ ]                              [ ][ ][ ][ ]
[ ][ ][ ][ ][ ][ ]                                          
[ ][ ][ ][ ][ ][ ]                              [ ][*][ ][*]
                                                [ ][ ][ ][ ]
[ ][ ][ ][ ][ ][ ]                              [ ][*][ ][*]
[ ][ ][ ][ ][ ][ ]                              [ ][ ][ ][ ]
[ ][ ][ ][*][ ][ ]
[ ][ ][ ][ ][ ][ ]
[ ][ ][ ][ ][ ][ ]
[ ][ ][ ][ ][ ][ ]

filters x=4,y=2,z=1                             inputs
width=6,height=6,depth=2                        width=4,height=4,depth=2
[ ][ ][ ][ ][ ][ ]                              [ ][ ][ ][ ]
[ ][ ][ ][ ][ ][ ]                              [ ][ ][ ][ ]
[ ][ ][ ][ ][ ][ ]                              [ ][ ][ ][ ]
[ ][ ][ ][ ][ ][ ]                              [ ][ ][ ][ ]
[ ][ ][ ][ ][ ][ ]                                          
[ ][ ][ ][ ][ ][ ]                              [ ][ ][*][ ]
                                                [ ][ ][ ][ ]
[ ][ ][ ][ ][ ][ ]                              [ ][ ][*][ ]
[ ][ ][ ][ ][ ][ ]                              [ ][ ][ ][ ]
[ ][ ][ ][ ][*][ ]
[ ][ ][ ][ ][ ][ ]
[ ][ ][ ][ ][ ][ ]
[ ][ ][ ][ ][ ][ ]

filters x=5,y=2,z=1                             inputs
width=6,height=6,depth=2                        width=4,height=4,depth=2
[ ][ ][ ][ ][ ][ ]                              [ ][ ][ ][ ]
[ ][ ][ ][ ][ ][ ]                              [ ][ ][ ][ ]
[ ][ ][ ][ ][ ][ ]                              [ ][ ][ ][ ]
[ ][ ][ ][ ][ ][ ]                              [ ][ ][ ][ ]
[ ][ ][ ][ ][ ][ ]                                          
[ ][ ][ ][ ][ ][ ]                              [ ][ ][ ][*]
                                                [ ][ ][ ][ ]
[ ][ ][ ][ ][ ][ ]                              [ ][ ][ ][*]
[ ][ ][ ][ ][ ][ ]                              [ ][ ][ ][ ]
[ ][ ][ ][ ][ ][*]
[ ][ ][ ][ ][ ][ ]
[ ][ ][ ][ ][ ][ ]
[ ][ ][ ][ ][ ][ ]

filters x=0,y=3,z=1                             inputs
width=6,height=6,depth=2                        width=4,height=4,depth=2
[ ][ ][ ][ ][ ][ ]                              [ ][ ][ ][ ]
[ ][ ][ ][ ][ ][ ]                              [ ][ ][ ][ ]
[ ][ ][ ][ ][ ][ ]                              [ ][ ][ ][ ]
[ ][ ][ ][ ][ ][ ]                              [ ][ ][ ][ ]
[ ][ ][ ][ ][ ][ ]                                          
[ ][ ][ ][ ][ ][ ]                              [ ][ ][ ][ ]
                                                [*][ ][*][ ]
[ ][ ][ ][ ][ ][ ]                              [ ][ ][ ][ ]
[ ][ ][ ][ ][ ][ ]                              [*][ ][*][ ]
[ ][ ][ ][ ][ ][ ]
[*][ ][ ][ ][ ][ ]
[ ][ ][ ][ ][ ][ ]
[ ][ ][ ][ ][ ][ ]

filters x=1,y=3,z=1                             inputs
width=6,height=6,depth=2                        width=4,height=4,depth=2
[ ][ ][ ][ ][ ][ ]                              [ ][ ][ ][ ]
[ ][ ][ ][ ][ ][ ]                              [ ][ ][ ][ ]
[ ][ ][ ][ ][ ][ ]                              [ ][ ][ ][ ]
[ ][ ][ ][ ][ ][ ]                              [ ][ ][ ][ ]
[ ][ ][ ][ ][ ][ ]                                          
[ ][ ][ ][ ][ ][ ]                              [ ][ ][ ][ ]
                                                [ ][*][ ][*]
[ ][ ][ ][ ][ ][ ]                              [ ][ ][ ][ ]
[ ][ ][ ][ ][ ][ ]                              [ ][*][ ][*]
[ ][ ][ ][ ][ ][ ]
[ ][*][ ][ ][ ][ ]
[ ][ ][ ][ ][ ][ ]
[ ][ ][ ][ ][ ][ ]

filters x=2,y=3,z=1                             inputs
width=6,height=6,depth=2                        width=4,height=4,depth=2
[ ][ ][ ][ ][ ][ ]                              [ ][ ][ ][ ]
[ ][ ][ ][ ][ ][ ]                              [ ][ ][ ][ ]
[ ][ ][ ][ ][ ][ ]                              [ ][ ][ ][ ]
[ ][ ][ ][ ][ ][ ]                              [ ][ ][ ][ ]
[ ][ ][ ][ ][ ][ ]                                          
[ ][ ][ ][ ][ ][ ]                              [ ][ ][ ][ ]
                                                [*][ ][*][ ]
[ ][ ][ ][ ][ ][ ]                              [ ][ ][ ][ ]
[ ][ ][ ][ ][ ][ ]                              [*][ ][*][ ]
[ ][ ][ ][ ][ ][ ]
[ ][ ][*][ ][ ][ ]
[ ][ ][ ][ ][ ][ ]
[ ][ ][ ][ ][ ][ ]

filters x=3,y=3,z=1                             inputs
width=6,height=6,depth=2                        width=4,height=4,depth=2
[ ][ ][ ][ ][ ][ ]                              [ ][ ][ ][ ]
[ ][ ][ ][ ][ ][ ]                              [ ][ ][ ][ ]
[ ][ ][ ][ ][ ][ ]                              [ ][ ][ ][ ]
[ ][ ][ ][ ][ ][ ]                              [ ][ ][ ][ ]
[ ][ ][ ][ ][ ][ ]                                          
[ ][ ][ ][ ][ ][ ]                              [ ][ ][ ][ ]
                                                [ ][*][ ][*]
[ ][ ][ ][ ][ ][ ]                              [ ][ ][ ][ ]
[ ][ ][ ][ ][ ][ ]                              [ ][*][ ][*]
[ ][ ][ ][ ][ ][ ]
[ ][ ][ ][*][ ][ ]
[ ][ ][ ][ ][ ][ ]
[ ][ ][ ][ ][ ][ ]

filters x=4,y=3,z=1                             inputs
width=6,height=6,depth=2                        width=4,height=4,depth=2
[ ][ ][ ][ ][ ][ ]                              [ ][ ][ ][ ]
[ ][ ][ ][ ][ ][ ]                              [ ][ ][ ][ ]
[ ][ ][ ][ ][ ][ ]                              [ ][ ][ ][ ]
[ ][ ][ ][ ][ ][ ]                              [ ][ ][ ][ ]
[ ][ ][ ][ ][ ][ ]                                          
[ ][ ][ ][ ][ ][ ]                              [ ][ ][ ][ ]
                                                [ ][ ][*][ ]
[ ][ ][ ][ ][ ][ ]                              [ ][ ][ ][ ]
[ ][ ][ ][ ][ ][ ]                              [ ][ ][*][ ]
[ ][ ][ ][ ][ ][ ]
[ ][ ][ ][ ][*][ ]
[ ][ ][ ][ ][ ][ ]
[ ][ ][ ][ ][ ][ ]

filters x=5,y=3,z=1                             inputs
width=6,height=6,depth=2                        width=4,height=4,depth=2
[ ][ ][ ][ ][ ][ ]                              [ ][ ][ ][ ]
[ ][ ][ ][ ][ ][ ]                              [ ][ ][ ][ ]
[ ][ ][ ][ ][ ][ ]                              [ ][ ][ ][ ]
[ ][ ][ ][ ][ ][ ]                              [ ][ ][ ][ ]
[ ][ ][ ][ ][ ][ ]                                          
[ ][ ][ ][ ][ ][ ]                              [ ][ ][ ][ ]
                                                [ ][ ][ ][*]
[ ][ ][ ][ ][ ][ ]                              [ ][ ][ ][ ]
[ ][ ][ ][ ][ ][ ]                              [ ][ ][ ][*]
[ ][ ][ ][ ][ ][ ]
[ ][ ][ ][ ][ ][*]
[ ][ ][ ][ ][ ][ ]
[ ][ ][ ][ ][ ][ ]

filters x=0,y=4,z=1                             inputs
width=6,height=6,depth=2                        width=4,height=4,depth=2
[ ][ ][ ][ ][ ][ ]                              [ ][ ][ ][ ]
[ ][ ][ ][ ][ ][ ]                              [ ][ ][ ][ ]
[ ][ ][ ][ ][ ][ ]                              [ ][ ][ ][ ]
[ ][ ][ ][ ][ ][ ]                              [ ][ ][ ][ ]
[ ][ ][ ][ ][ ][ ]                                          
[ ][ ][ ][ ][ ][ ]                              [ ][ ][ ][ ]
                                                [ ][ ][ ][ ]
[ ][ ][ ][ ][ ][ ]                              [*][ ][*][ ]
[ ][ ][ ][ ][ ][ ]                              [ ][ ][ ][ ]
[ ][ ][ ][ ][ ][ ]
[ ][ ][ ][ ][ ][ ]
[*][ ][ ][ ][ ][ ]
[ ][ ][ ][ ][ ][ ]

filters x=1,y=4,z=1                             inputs
width=6,height=6,depth=2                        width=4,height=4,depth=2
[ ][ ][ ][ ][ ][ ]                              [ ][ ][ ][ ]
[ ][ ][ ][ ][ ][ ]                              [ ][ ][ ][ ]
[ ][ ][ ][ ][ ][ ]                              [ ][ ][ ][ ]
[ ][ ][ ][ ][ ][ ]                              [ ][ ][ ][ ]
[ ][ ][ ][ ][ ][ ]                                          
[ ][ ][ ][ ][ ][ ]                              [ ][ ][ ][ ]
                                                [ ][ ][ ][ ]
[ ][ ][ ][ ][ ][ ]                              [ ][*][ ][*]
[ ][ ][ ][ ][ ][ ]                              [ ][ ][ ][ ]
[ ][ ][ ][ ][ ][ ]
[ ][ ][ ][ ][ ][ ]
[ ][*][ ][ ][ ][ ]
[ ][ ][ ][ ][ ][ ]

filters x=2,y=4,z=1                             inputs
width=6,height=6,depth=2                        width=4,height=4,depth=2
[ ][ ][ ][ ][ ][ ]                              [ ][ ][ ][ ]
[ ][ ][ ][ ][ ][ ]                              [ ][ ][ ][ ]
[ ][ ][ ][ ][ ][ ]                              [ ][ ][ ][ ]
[ ][ ][ ][ ][ ][ ]                              [ ][ ][ ][ ]
[ ][ ][ ][ ][ ][ ]                                          
[ ][ ][ ][ ][ ][ ]                              [ ][ ][ ][ ]
                                                [ ][ ][ ][ ]
[ ][ ][ ][ ][ ][ ]                              [*][ ][*][ ]
[ ][ ][ ][ ][ ][ ]                              [ ][ ][ ][ ]
[ ][ ][ ][ ][ ][ ]
[ ][ ][ ][ ][ ][ ]
[ ][ ][*][ ][ ][ ]
[ ][ ][ ][ ][ ][ ]

filters x=3,y=4,z=1                             inputs
width=6,height=6,depth=2                        width=4,height=4,depth=2
[ ][ ][ ][ ][ ][ ]                              [ ][ ][ ][ ]
[ ][ ][ ][ ][ ][ ]                              [ ][ ][ ][ ]
[ ][ ][ ][ ][ ][ ]                              [ ][ ][ ][ ]
[ ][ ][ ][ ][ ][ ]                              [ ][ ][ ][ ]
[ ][ ][ ][ ][ ][ ]                                          
[ ][ ][ ][ ][ ][ ]                              [ ][ ][ ][ ]
                                                [ ][ ][ ][ ]
[ ][ ][ ][ ][ ][ ]                              [ ][*][ ][*]
[ ][ ][ ][ ][ ][ ]                              [ ][ ][ ][ ]
[ ][ ][ ][ ][ ][ ]
[ ][ ][ ][ ][ ][ ]
[ ][ ][ ][*][ ][ ]
[ ][ ][ ][ ][ ][ ]

filters x=4,y=4,z=1                             inputs
width=6,height=6,depth=2                        width=4,height=4,depth=2
[ ][ ][ ][ ][ ][ ]                              [ ][ ][ ][ ]
[ ][ ][ ][ ][ ][ ]                              [ ][ ][ ][ ]
[ ][ ][ ][ ][ ][ ]                              [ ][ ][ ][ ]
[ ][ ][ ][ ][ ][ ]                              [ ][ ][ ][ ]
[ ][ ][ ][ ][ ][ ]                                          
[ ][ ][ ][ ][ ][ ]                              [ ][ ][ ][ ]
                                                [ ][ ][ ][ ]
[ ][ ][ ][ ][ ][ ]                              [ ][ ][*][ ]
[ ][ ][ ][ ][ ][ ]                              [ ][ ][ ][ ]
[ ][ ][ ][ ][ ][ ]
[ ][ ][ ][ ][ ][ ]
[ ][ ][ ][ ][*][ ]
[ ][ ][ ][ ][ ][ ]

filters x=5,y=4,z=1                             inputs
width=6,height=6,depth=2                        width=4,height=4,depth=2
[ ][ ][ ][ ][ ][ ]                              [ ][ ][ ][ ]
[ ][ ][ ][ ][ ][ ]                              [ ][ ][ ][ ]
[ ][ ][ ][ ][ ][ ]                              [ ][ ][ ][ ]
[ ][ ][ ][ ][ ][ ]                              [ ][ ][ ][ ]
[ ][ ][ ][ ][ ][ ]                                          
[ ][ ][ ][ ][ ][ ]                              [ ][ ][ ][ ]
                                                [ ][ ][ ][ ]
[ ][ ][ ][ ][ ][ ]                              [ ][ ][ ][*]
[ ][ ][ ][ ][ ][ ]                              [ ][ ][ ][ ]
[ ][ ][ ][ ][ ][ ]
[ ][ ][ ][ ][ ][ ]
[ ][ ][ ][ ][ ][*]
[ ][ ][ ][ ][ ][ ]

filters x=0,y=5,z=1                             inputs
width=6,height=6,depth=2                        width=4,height=4,depth=2
[ ][ ][ ][ ][ ][ ]                              [ ][ ][ ][ ]
[ ][ ][ ][ ][ ][ ]                              [ ][ ][ ][ ]
[ ][ ][ ][ ][ ][ ]                              [ ][ ][ ][ ]
[ ][ ][ ][ ][ ][ ]                              [ ][ ][ ][ ]
[ ][ ][ ][ ][ ][ ]                                          
[ ][ ][ ][ ][ ][ ]                              [ ][ ][ ][ ]
                                                [ ][ ][ ][ ]
[ ][ ][ ][ ][ ][ ]                              [ ][ ][ ][ ]
[ ][ ][ ][ ][ ][ ]                              [*][ ][*][ ]
[ ][ ][ ][ ][ ][ ]
[ ][ ][ ][ ][ ][ ]
[ ][ ][ ][ ][ ][ ]
[*][ ][ ][ ][ ][ ]

filters x=1,y=5,z=1                             inputs
width=6,height=6,depth=2                        width=4,height=4,depth=2
[ ][ ][ ][ ][ ][ ]                              [ ][ ][ ][ ]
[ ][ ][ ][ ][ ][ ]                              [ ][ ][ ][ ]
[ ][ ][ ][ ][ ][ ]                              [ ][ ][ ][ ]
[ ][ ][ ][ ][ ][ ]                              [ ][ ][ ][ ]
[ ][ ][ ][ ][ ][ ]                                          
[ ][ ][ ][ ][ ][ ]                              [ ][ ][ ][ ]
                                                [ ][ ][ ][ ]
[ ][ ][ ][ ][ ][ ]                              [ ][ ][ ][ ]
[ ][ ][ ][ ][ ][ ]                              [ ][*][ ][*]
[ ][ ][ ][ ][ ][ ]
[ ][ ][ ][ ][ ][ ]
[ ][ ][ ][ ][ ][ ]
[ ][*][ ][ ][ ][ ]

filters x=2,y=5,z=1                             inputs
width=6,height=6,depth=2                        width=4,height=4,depth=2
[ ][ ][ ][ ][ ][ ]                              [ ][ ][ ][ ]
[ ][ ][ ][ ][ ][ ]                              [ ][ ][ ][ ]
[ ][ ][ ][ ][ ][ ]                              [ ][ ][ ][ ]
[ ][ ][ ][ ][ ][ ]                              [ ][ ][ ][ ]
[ ][ ][ ][ ][ ][ ]                                          
[ ][ ][ ][ ][ ][ ]                              [ ][ ][ ][ ]
                                                [ ][ ][ ][ ]
[ ][ ][ ][ ][ ][ ]                              [ ][ ][ ][ ]
[ ][ ][ ][ ][ ][ ]                              [*][ ][*][ ]
[ ][ ][ ][ ][ ][ ]
[ ][ ][ ][ ][ ][ ]
[ ][ ][ ][ ][ ][ ]
[ ][ ][*][ ][ ][ ]

filters x=3,y=5,z=1                             inputs
width=6,height=6,depth=2                        width=4,height=4,depth=2
[ ][ ][ ][ ][ ][ ]                              [ ][ ][ ][ ]
[ ][ ][ ][ ][ ][ ]                              [ ][ ][ ][ ]
[ ][ ][ ][ ][ ][ ]                              [ ][ ][ ][ ]
[ ][ ][ ][ ][ ][ ]                              [ ][ ][ ][ ]
[ ][ ][ ][ ][ ][ ]                                          
[ ][ ][ ][ ][ ][ ]                              [ ][ ][ ][ ]
                                                [ ][ ][ ][ ]
[ ][ ][ ][ ][ ][ ]                              [ ][ ][ ][ ]
[ ][ ][ ][ ][ ][ ]                              [ ][*][ ][*]
[ ][ ][ ][ ][ ][ ]
[ ][ ][ ][ ][ ][ ]
[ ][ ][ ][ ][ ][ ]
[ ][ ][ ][*][ ][ ]

filters x=4,y=5,z=1                             inputs
width=6,height=6,depth=2                        width=4,height=4,depth=2
[ ][ ][ ][ ][ ][ ]                              [ ][ ][ ][ ]
[ ][ ][ ][ ][ ][ ]                              [ ][ ][ ][ ]
[ ][ ][ ][ ][ ][ ]                              [ ][ ][ ][ ]
[ ][ ][ ][ ][ ][ ]                              [ ][ ][ ][ ]
[ ][ ][ ][ ][ ][ ]                                          
[ ][ ][ ][ ][ ][ ]                              [ ][ ][ ][ ]
                                                [ ][ ][ ][ ]
[ ][ ][ ][ ][ ][ ]                              [ ][ ][ ][ ]
[ ][ ][ ][ ][ ][ ]                              [ ][ ][*][ ]
[ ][ ][ ][ ][ ][ ]
[ ][ ][ ][ ][ ][ ]
[ ][ ][ ][ ][ ][ ]
[ ][ ][ ][ ][*][ ]

filters x=5,y=5,z=1                             inputs
width=6,height=6,depth=2                        width=4,height=4,depth=2
[ ][ ][ ][ ][ ][ ]                              [ ][ ][ ][ ]
[ ][ ][ ][ ][ ][ ]                              [ ][ ][ ][ ]
[ ][ ][ ][ ][ ][ ]                              [ ][ ][ ][ ]
[ ][ ][ ][ ][ ][ ]                              [ ][ ][ ][ ]
[ ][ ][ ][ ][ ][ ]                                          
[ ][ ][ ][ ][ ][ ]                              [ ][ ][ ][ ]
                                                [ ][ ][ ][ ]
[ ][ ][ ][ ][ ][ ]                              [ ][ ][ ][ ]
[ ][ ][ ][ ][ ][ ]                              [ ][ ][ ][*]
[ ][ ][ ][ ][ ][ ]
[ ][ ][ ][ ][ ][ ]
[ ][ ][ ][ ][ ][ ]
[ ][ ][ ][ ][ ][*]
